<?xml version="1.0" encoding="utf-8"?><testsuites name="pytest tests"><testsuite name="pytest" errors="0" failures="0" skipped="0" tests="12" time="1.116" timestamp="2026-04-21T16:27:43.638533+00:00" hostname="agent-env-ab7f6de6-5dfa-4f61-88c5-33f10f5f9ced"><testcase classname="backend.tests.test_nutriloop_api.TestStats" name="test_stats_schema" time="0.181" /><testcase classname="backend.tests.test_nutriloop_api.TestActivities" name="test_activities_list" time="0.056" /><testcase classname="backend.tests.test_nutriloop_api.TestSeedLists" name="test_profile" time="0.057" /><testcase classname="backend.tests.test_nutriloop_api.TestSeedLists" name="test_challenges" time="0.052" /><testcase classname="backend.tests.test_nutriloop_api.TestSeedLists" name="test_badges" time="0.062" /><testcase classname="backend.tests.test_nutriloop_api.TestSeedLists" name="test_articles_list" time="0.065" /><testcase classname="backend.tests.test_nutriloop_api.TestSeedLists" name="test_materials_list" time="0.058" /><testcase classname="backend.tests.test_nutriloop_api.TestDetails" name="test_article_a1" time="0.055" /><testcase classname="backend.tests.test_nutriloop_api.TestDetails" name="test_article_404" time="0.058" /><testcase classname="backend.tests.test_nutriloop_api.TestDetails" name="test_material_m1" time="0.063" /><testcase classname="backend.tests.test_nutriloop_api.TestDetails" name="test_material_404" time="0.065" /><testcase classname="backend.tests.test_nutriloop_api.TestDissolve" name="test_dissolve_increments" time="0.218" /></testsuite></testsuites>